make[4]: è­¦å‘Š: jobserver ä¸å¯ç”¨: æ­£ä½¿ç”¨ -j1ã€‚æ·»åŠ  â€œ+â€ åˆ°çˆ¶ make çš„è§„åˆ™ã€‚
[35m[1mScanning dependencies of target ui-test[0m
[  0%] [32mBuilding CXX object CMakeFiles/ui-test.dir/programs/ui-test.cpp.o[0m
In file included from /home/hoshino/CLionProjects/radarpnp/programs/ui-test.cpp:6:
/home/hoshino/CLionProjects/radarpnp/src/rmcamera/include/rmcamera.h: In static member function â€˜static bool rm::camera::open()â€™:
/home/hoshino/CLionProjects/radarpnp/src/rmcamera/include/rmcamera.h:31:5: error: invalid use of member â€˜rm::camera::capâ€™ in static member function
   31 |     cap.open(RADAR_DEBUG_CAMERA_ID);
      |     ^~~
/home/hoshino/CLionProjects/radarpnp/src/rmcamera/include/rmcamera.h:23:18: note: declared here
   23 | cv::VideoCapture cap;
      |                  ^~~
/home/hoshino/CLionProjects/radarpnp/src/rmcamera/include/rmcamera.h: In static member function â€˜static void rm::camera::get_frame(cv::Mat&)â€™:
/home/hoshino/CLionProjects/radarpnp/src/rmcamera/include/rmcamera.h:40:5: error: invalid use of member â€˜rm::camera::capâ€™ in static member function
   40 |     cap.read(frame);
      |     ^~~
/home/hoshino/CLionProjects/radarpnp/src/rmcamera/include/rmcamera.h:23:18: note: declared here
   23 | cv::VideoCapture cap;
      |                  ^~~
/home/hoshino/CLionProjects/radarpnp/src/rmcamera/include/rmcamera.h:41:13: error: â€˜mapâ€™ was not declared in this scope; did you mean â€˜std::mapâ€™?
   41 |     frame = map.clone();
      |             ^~~
      |             std::map
In file included from /usr/include/c++/9/map:61,
                 from /home/hoshino/CLionProjects/radarpnp/include/radar.hpp:17,
                 from /home/hoshino/CLionProjects/radarpnp/programs/ui-test.cpp:5:
/usr/include/c++/9/bits/stl_map.h:100:11: note: â€˜std::mapâ€™ declared here
  100 |     class map
      |           ^~~
/home/hoshino/CLionProjects/radarpnp/programs/ui-test.cpp: In function â€˜int main(int, char**)â€™:
/home/hoshino/CLionProjects/radarpnp/programs/ui-test.cpp:58:31: warning: format â€˜%lluâ€™ expects argument of type â€˜long long unsigned intâ€™, but argument 2 has type â€˜long unsigned intâ€™ [-Wformat=]
   58 |   printf("sizeof(frame2) = %llu\n", sizeof(frame2));
      |                            ~~~^     ~~~~~~~~~~~~~~
      |                               |     |
      |                               |     long unsigned int
      |                               long long unsigned int
      |                            %lu
/home/hoshino/CLionProjects/radarpnp/programs/ui-test.cpp:65:24: warning: format â€˜%lluâ€™ expects argument of type â€˜long long unsigned intâ€™, but argument 2 has type â€˜size_tâ€™ {aka â€˜long unsigned intâ€™} [-Wformat=]
   65 |       printf(" | (%02llu - %02llu)\n", i - 15, i);
      |                   ~~~~~^               ~~~~~~
      |                        |                 |
      |                        |                 size_t {aka long unsigned int}
      |                        long long unsigned int
      |                   %02lu
/home/hoshino/CLionProjects/radarpnp/programs/ui-test.cpp:65:33: warning: format â€˜%lluâ€™ expects argument of type â€˜long long unsigned intâ€™, but argument 3 has type â€˜size_tâ€™ {aka â€˜long unsigned intâ€™} [-Wformat=]
   65 |       printf(" | (%02llu - %02llu)\n", i - 15, i);
      |                            ~~~~~^              ~
      |                                 |              |
      |                                 |              size_t {aka long unsigned int}
      |                                 long long unsigned int
      |                            %02lu
/home/hoshino/CLionProjects/radarpnp/programs/ui-test.cpp:68:20: warning: format â€˜%lluâ€™ expects argument of type â€˜long long unsigned intâ€™, but argument 2 has type â€˜size_tâ€™ {aka â€˜long unsigned intâ€™} [-Wformat=]
   68 |   printf(" | (%02llu - %02llu)\n", i - 15, i);
      |               ~~~~~^               ~~~~~~
      |                    |                 |
      |                    |                 size_t {aka long unsigned int}
      |                    long long unsigned int
      |               %02lu
/home/hoshino/CLionProjects/radarpnp/programs/ui-test.cpp:68:29: warning: format â€˜%lluâ€™ expects argument of type â€˜long long unsigned intâ€™, but argument 3 has type â€˜size_tâ€™ {aka â€˜long unsigned intâ€™} [-Wformat=]
   68 |   printf(" | (%02llu - %02llu)\n", i - 15, i);
      |                        ~~~~~^              ~
      |                             |              |
      |                             |              size_t {aka long unsigned int}
      |                             long long unsigned int
      |                        %02lu
[  1%] [32mBuilding CXX object CMakeFiles/ui-test.dir/src/armor/src/armor_finder/armor_box/armor_box.cpp.o[0m
[  1%] [32mBuilding CXX object CMakeFiles/ui-test.dir/src/armor/src/armor_finder/armor_finder.cpp.o[0m
/home/hoshino/CLionProjects/radarpnp/src/armor/src/armor_finder/armor_finder.cpp: In member function â€˜void ArmorFinder::run(cv::Mat&)â€™:
/home/hoshino/CLionProjects/radarpnp/src/armor/src/armor_finder/armor_finder.cpp:56:25: error: request for member â€˜rectâ€™ in â€˜((ArmorFinder*)this)->ArmorFinder::target_boxâ€™, which is of non-class type â€˜ArmorBox [4]â€™
   56 |         if ((target_box.rect & cv::Rect2d(0, 0, 640, 480)) ==
      |                         ^~~~
/home/hoshino/CLionProjects/radarpnp/src/armor/src/armor_finder/armor_finder.cpp:57:24: error: request for member â€˜rectâ€™ in â€˜((ArmorFinder*)this)->ArmorFinder::target_boxâ€™, which is of non-class type â€˜ArmorBox [4]â€™
   57 |             target_box.rect) {  // åˆ¤æ–­è£…ç”²æ¿åŒºåŸŸæ˜¯å¦è„±ç¦»å›¾åƒåŒºåŸŸ
      |                        ^~~~
/home/hoshino/CLionProjects/radarpnp/src/armor/src/armor_finder/armor_finder.cpp:60:20: error: request for member â€˜rectâ€™ in â€˜((ArmorFinder*)this)->ArmorFinder::target_boxâ€™, which is of non-class type â€˜ArmorBox [4]â€™
   60 |     if (target_box.rect != cv::Rect2d()) {
      |                    ^~~~
/home/hoshino/CLionProjects/radarpnp/src/armor/src/armor_finder/armor_finder.cpp:61:20: error: invalid array assignment
   61 |         last_box = target_box;
      |                    ^~~~~~~~~~
/home/hoshino/CLionProjects/radarpnp/src/armor/src/armor_finder/armor_finder.cpp:64:20: error: request for member â€˜rectâ€™ in â€˜((ArmorFinder*)this)->ArmorFinder::target_boxâ€™, which is of non-class type â€˜ArmorBox [4]â€™
   64 |         target_box.rect != cv::Rect2d()) {  // æ ¹æ®æ¡ä»¶æ˜¾ç¤ºå½“å‰ç›®æ ‡è£…ç”²æ¿
      |                    ^~~~
/home/hoshino/CLionProjects/radarpnp/src/armor/src/armor_finder/armor_finder.cpp:65:34: error: invalid initialization of reference of type â€˜const ArmorBox&â€™ from expression of type â€˜ArmorBox [4]â€™
   65 |         showArmorBox("box", src, target_box);
      |                                  ^~~~~~~~~~
In file included from /home/hoshino/CLionProjects/radarpnp/src/armor/src/armor_finder/armor_finder.cpp:16:
/home/hoshino/CLionProjects/radarpnp/src/armor/include/show_images/show_images.h:13:81: note: in passing argument 3 of â€˜void showArmorBox(std::string, const cv::Mat&, const ArmorBox&)â€™
   13 | void showArmorBox(std::string windows_name, const cv::Mat &src, const ArmorBox &armor_box);
      |                                                                 ~~~~~~~~~~~~~~~~^~~~~~~~~
[  2%] [32mBuilding CXX object CMakeFiles/ui-test.dir/src/armor/src/armor_finder/find/find_armor_box.cpp.o[0m
/home/hoshino/CLionProjects/radarpnp/src/armor/src/armor_finder/find/find_armor_box.cpp: In lambda function:
/home/hoshino/CLionProjects/radarpnp/src/armor/src/armor_finder/find/find_armor_box.cpp:148:26: error: request for member â€˜rectâ€™ in â€˜this->ArmorFinder::last_boxâ€™, which is of non-class type â€˜ArmorBox [4]â€™
  148 |             if (last_box.rect != cv::Rect2d()) {
      |                          ^~~~
/home/hoshino/CLionProjects/radarpnp/src/armor/src/armor_finder/find/find_armor_box.cpp:149:64: error: request for member â€˜getCenterâ€™ in â€˜this->ArmorFinder::last_boxâ€™, which is of non-class type â€˜ArmorBox [4]â€™
  149 |                 return getPointLength(a.getCenter() - last_box.getCenter()) <
      |                                                                ^~~~~~~~~
/home/hoshino/CLionProjects/radarpnp/src/armor/src/armor_finder/find/find_armor_box.cpp:149:24: error: â€˜getPointLengthâ€™ was not declared in this scope
  149 |                 return getPointLength(a.getCenter() - last_box.getCenter()) <
      |                        ^~~~~~~~~~~~~~
/home/hoshino/CLionProjects/radarpnp/src/armor/src/armor_finder/find/find_armor_box.cpp:150:64: error: request for member â€˜getCenterâ€™ in â€˜this->ArmorFinder::last_boxâ€™, which is of non-class type â€˜ArmorBox [4]â€™
  150 |                        getPointLength(b.getCenter() - last_box.getCenter());
      |                                                                ^~~~~~~~~
[  3%] [32mBuilding CXX object CMakeFiles/ui-test.dir/src/armor/src/armor_finder/find/find_light_blobs.cpp.o[0m
/home/hoshino/CLionProjects/radarpnp/src/armor/src/armor_finder/find/find_light_blobs.cpp:6:10: fatal error: runtime.h: æ²¡æœ‰é‚£ä¸ªæ–‡ä»¶æˆ–ç›®å½•
    6 | #include <runtime.h>
      |          ^~~~~~~~~~~
compilation terminated.
[  3%] [32mBuilding CXX object CMakeFiles/ui-test.dir/src/armor/src/armor_finder/searching_state/searching_state.cpp.o[0m
/home/hoshino/CLionProjects/radarpnp/src/armor/src/armor_finder/searching_state/searching_state.cpp:6:10: fatal error: runtime.h: æ²¡æœ‰é‚£ä¸ªæ–‡ä»¶æˆ–ç›®å½•
    6 | #include <runtime.h>
      |          ^~~~~~~~~~~
compilation terminated.
[  4%] [32mBuilding CXX object CMakeFiles/ui-test.dir/src/armor/src/armor_finder/send_target/send_target.cpp.o[0m
[  5%] [32mBuilding CXX object CMakeFiles/ui-test.dir/src/armor/src/armor_finder/standby_state/standby_state.cpp.o[0m
/home/hoshino/CLionProjects/radarpnp/src/armor/src/armor_finder/standby_state/standby_state.cpp:7:6: error: no declaration matches â€˜bool ArmorFinder::stateStandBy()â€™
    7 | bool ArmorFinder::stateStandBy() {
      |      ^~~~~~~~~~~
/home/hoshino/CLionProjects/radarpnp/src/armor/src/armor_finder/standby_state/standby_state.cpp:7:6: note: no functions named â€˜bool ArmorFinder::stateStandBy()â€™
In file included from /home/hoshino/CLionProjects/radarpnp/src/armor/src/armor_finder/standby_state/standby_state.cpp:5:
/home/hoshino/CLionProjects/radarpnp/src/armor/include/armor_finder/armor_finder.h:27:7: note: â€˜class ArmorFinderâ€™ defined here
   27 | class ArmorFinder {
      |       ^~~~~~~~~~~
[  5%] [32mBuilding CXX object CMakeFiles/ui-test.dir/src/armor/src/armor_finder/tracking_state/tracking_state.cpp.o[0m
/home/hoshino/CLionProjects/radarpnp/src/armor/src/armor_finder/tracking_state/tracking_state.cpp: In member function â€˜bool ArmorFinder::stateTrackingTarget(cv::Mat&)â€™:
/home/hoshino/CLionProjects/radarpnp/src/armor/src/armor_finder/tracking_state/tracking_state.cpp:9:37: error: request for member â€˜rectâ€™ in â€˜((ArmorFinder*)this)->ArmorFinder::target_boxâ€™, which is of non-class type â€˜ArmorBox [4]â€™
    9 |     cv::Rect2d rectpos = target_box.rect;
      |                                     ^~~~
/home/hoshino/CLionProjects/radarpnp/src/armor/src/armor_finder/tracking_state/tracking_state.cpp:11:31: error: incompatible types in assignment of â€˜ArmorBoxâ€™ to â€˜ArmorBox [4]â€™
   11 |         target_box = ArmorBox();
      |                               ^
/home/hoshino/CLionProjects/radarpnp/src/armor/src/armor_finder/tracking_state/tracking_state.cpp:17:31: error: incompatible types in assignment of â€˜ArmorBoxâ€™ to â€˜ArmorBox [4]â€™
   17 |         target_box = ArmorBox();
      |                               ^
/home/hoshino/CLionProjects/radarpnp/src/armor/src/armor_finder/tracking_state/tracking_state.cpp:35:22: error: incompatible types in assignment of â€˜ArmorBoxâ€™ to â€˜ArmorBox [4]â€™
   35 |         target_box = box;
      |                      ^~~
/home/hoshino/CLionProjects/radarpnp/src/armor/src/armor_finder/tracking_state/tracking_state.cpp:36:20: error: request for member â€˜rectâ€™ in â€˜((ArmorFinder*)this)->ArmorFinder::target_boxâ€™, which is of non-class type â€˜ArmorBox [4]â€™
   36 |         target_box.rect.x += bigger_rect.x;  //ã€€æ·»åŠ roiåç§»é‡
      |                    ^~~~
/home/hoshino/CLionProjects/radarpnp/src/armor/src/armor_finder/tracking_state/tracking_state.cpp:37:20: error: request for member â€˜rectâ€™ in â€˜((ArmorFinder*)this)->ArmorFinder::target_boxâ€™, which is of non-class type â€˜ArmorBox [4]â€™
   37 |         target_box.rect.y += bigger_rect.y;
      |                    ^~~~
/home/hoshino/CLionProjects/radarpnp/src/armor/src/armor_finder/tracking_state/tracking_state.cpp:38:38: error: request for member â€˜light_blobsâ€™ in â€˜((ArmorFinder*)this)->ArmorFinder::target_boxâ€™, which is of non-class type â€˜ArmorBox [4]â€™
   38 |         for (auto &blob : target_box.light_blobs) {
      |                                      ^~~~~~~~~~~
/home/hoshino/CLionProjects/radarpnp/src/armor/src/armor_finder/tracking_state/tracking_state.cpp:42:19: error: â€˜TrackerToUseâ€™ has not been declared
   42 |         tracker = TrackerToUse::create();
      |                   ^~~~~~~~~~~~
/home/hoshino/CLionProjects/radarpnp/src/armor/src/armor_finder/tracking_state/tracking_state.cpp:43:39: error: request for member â€˜rectâ€™ in â€˜((ArmorFinder*)this)->ArmorFinder::target_boxâ€™, which is of non-class type â€˜ArmorBox [4]â€™
   43 |         tracker->init(src, target_box.rect);
      |                                       ^~~~
/home/hoshino/CLionProjects/radarpnp/src/armor/src/armor_finder/tracking_state/tracking_state.cpp:50:39: error: incompatible types in assignment of â€˜ArmorBoxâ€™ to â€˜ArmorBox [4]â€™
   50 |                 target_box = ArmorBox();
      |                                       ^
/home/hoshino/CLionProjects/radarpnp/src/armor/src/armor_finder/tracking_state/tracking_state.cpp:61:39: error: incompatible types in assignment of â€˜ArmorBoxâ€™ to â€˜ArmorBox [4]â€™
   61 |                 target_box = ArmorBox();
      |                                       ^
/home/hoshino/CLionProjects/radarpnp/src/armor/src/armor_finder/tracking_state/tracking_state.cpp:65:20: error: request for member â€˜rectâ€™ in â€˜((ArmorFinder*)this)->ArmorFinder::target_boxâ€™, which is of non-class type â€˜ArmorBox [4]â€™
   65 |         target_box.rect = pos;
      |                    ^~~~
/home/hoshino/CLionProjects/radarpnp/src/armor/src/armor_finder/tracking_state/tracking_state.cpp:66:20: error: request for member â€˜light_blobsâ€™ in â€˜((ArmorFinder*)this)->ArmorFinder::target_boxâ€™, which is of non-class type â€˜ArmorBox [4]â€™
   66 |         target_box.light_blobs.clear();
      |                    ^~~~~~~~~~~
[  6%] [32mBuilding CXX object CMakeFiles/ui-test.dir/src/armor/src/show_images/show_images.cpp.o[0m
/home/hoshino/CLionProjects/radarpnp/src/armor/src/show_images/show_images.cpp:2:10: fatal error: runtime.h: æ²¡æœ‰é‚£ä¸ªæ–‡ä»¶æˆ–ç›®å½•
    2 | #include <runtime.h>
      |          ^~~~~~~~~~~
compilation terminated.
[  6%] [32mBuilding CXX object CMakeFiles/ui-test.dir/src/com/src/CRC.cpp.o[0m
[  7%] [32mBuilding CXX object CMakeFiles/ui-test.dir/src/com/src/impl/list_ports/list_ports_linux.cc.o[0m
[  8%] [32mBuilding CXX object CMakeFiles/ui-test.dir/src/com/src/impl/list_ports/list_ports_osx.cc.o[0m
[  8%] [32mBuilding CXX object CMakeFiles/ui-test.dir/src/com/src/impl/list_ports/list_ports_win.cc.o[0m
[  9%] [32mBuilding CXX object CMakeFiles/ui-test.dir/src/com/src/impl/unix.cc.o[0m
